app/build/intermediates/manifest_merge_blame_file/debug/processDebugMainManifest/manifest-merger-blame-debug-report.txt
1<?xml version="1.0" encoding="utf-8"?>
2<manifest xmlns:android="http://schemas.android.com/apk/res/android"
3    package="com.nayibit.phrasalito"
4    android:versionCode="1"
5    android:versionName="1.0" >
6
7    <uses-sdk
8        android:minSdkVersion="24"
9        android:targetSdkVersion="35" />
10
11    <uses-permission android:name="android.permission.INTERNET" />
11-->src/main/AndroidManifest.xml:5:5-67
11-->src/main/AndroidManifest.xml:5:22-64
12
13    <permission
13-->[androidx.core:core:1.13.1] AndroidManifest.xml:22:5-24:47
14        android:name="com.nayibit.phrasalito.DYNAMIC_RECEIVER_NOT_EXPORTED_PERMISSION"
14-->[androidx.core:core:1.13.1] AndroidManifest.xml:23:9-81
15        android:protectionLevel="signature" />
15-->[androidx.core:core:1.13.1] AndroidManifest.xml:24:9-44
16
17    <uses-permission android:name="com.nayibit.phrasalito.DYNAMIC_RECEIVER_NOT_EXPORTED_PERMISSION" />
17-->[androidx.core:core:1.13.1] AndroidManifest.xml:26:5-97
17-->[androidx.core:core:1.13.1] AndroidManifest.xml:26:22-94
18
19    <application
19-->src/main/AndroidManifest.xml:8:5-31:19
20        android:name="com.nayibit.phrasalito.App"
20-->src/main/AndroidManifest.xml:13:9-28
21        android:allowBackup="true"
21-->src/main/AndroidManifest.xml:9:9-35
22        android:appComponentFactory="androidx.core.app.CoreComponentFactory"
22-->[androidx.core:core:1.13.1] AndroidManifest.xml:28:18-86
23        android:dataExtractionRules="@xml/data_extraction_rules"
23-->src/main/AndroidManifest.xml:10:9-65
24        android:debuggable="true"
25        android:extractNativeLibs="false"
26        android:fullBackupContent="@xml/backup_rules"
26-->src/main/AndroidManifest.xml:11:9-54
27        android:icon="@mipmap/ic_launcher"
27-->src/main/AndroidManifest.xml:12:9-43
28        android:label="@string/app_name"
28-->src/main/AndroidManifest.xml:14:9-41
29        android:roundIcon="@mipmap/ic_launcher_round"
29-->src/main/AndroidManifest.xml:15:9-54
30        android:supportsRtl="true"
30-->src/main/AndroidManifest.xml:16:9-35
31        android:testOnly="true"
32        android:theme="@style/Theme.BaseProyect"
32-->src/main/AndroidManifest.xml:17:9-49
33        android:usesCleartextTraffic="true" >
33-->src/main/AndroidManifest.xml:18:9-44
34        <activity
34-->src/main/AndroidManifest.xml:20:9-30:20
35            android:name="com.nayibit.phrasalito.presentation.MainActivity"
35-->src/main/AndroidManifest.xml:21:13-54
36            android:exported="true"
36-->src/main/AndroidManifest.xml:22:13-36
37            android:label="@string/app_name"
37-->src/main/AndroidManifest.xml:23:13-45
38            android:theme="@style/Theme.BaseProyect" >
38-->src/main/AndroidManifest.xml:24:13-53
39            <intent-filter>
39-->src/main/AndroidManifest.xml:25:13-29:29
40                <action android:name="android.intent.action.MAIN" />
40-->src/main/AndroidManifest.xml:26:17-69
40-->src/main/AndroidManifest.xml:26:25-66
41
42                <category android:name="android.intent.category.LAUNCHER" />
42-->src/main/AndroidManifest.xml:28:17-77
42-->src/main/AndroidManifest.xml:28:27-74
43            </intent-filter>
44        </activity>
45
46        <service
46-->[androidx.room:room-runtime:2.6.1] AndroidManifest.xml:24:9-28:63
47            android:name="androidx.room.MultiInstanceInvalidationService"
47-->[androidx.room:room-runtime:2.6.1] AndroidManifest.xml:25:13-74
48            android:directBootAware="true"
48-->[androidx.room:room-runtime:2.6.1] AndroidManifest.xml:26:13-43
49            android:exported="false" />
49-->[androidx.room:room-runtime:2.6.1] AndroidManifest.xml:27:13-37
50
51        <activity
51-->[androidx.compose.ui:ui-tooling-android:1.8.3] AndroidManifest.xml:23:9-25:39
52            android:name="androidx.compose.ui.tooling.PreviewActivity"
52-->[androidx.compose.ui:ui-tooling-android:1.8.3] AndroidManifest.xml:24:13-71
53            android:exported="true" />
53-->[androidx.compose.ui:ui-tooling-android:1.8.3] AndroidManifest.xml:25:13-36
54        <activity
54-->[androidx.compose.ui:ui-test-manifest:1.8.3] AndroidManifest.xml:23:9-26:79
55            android:name="androidx.activity.ComponentActivity"
55-->[androidx.compose.ui:ui-test-manifest:1.8.3] AndroidManifest.xml:24:13-63
56            android:exported="true"
56-->[androidx.compose.ui:ui-test-manifest:1.8.3] AndroidManifest.xml:25:13-36
57            android:theme="@android:style/Theme.Material.Light.NoActionBar" />
57-->[androidx.compose.ui:ui-test-manifest:1.8.3] AndroidManifest.xml:26:13-76
58
59        <provider
59-->[androidx.emoji2:emoji2:1.4.0] AndroidManifest.xml:24:9-32:20
60            android:name="androidx.startup.InitializationProvider"
60-->[androidx.emoji2:emoji2:1.4.0] AndroidManifest.xml:25:13-67
61            android:authorities="com.nayibit.phrasalito.androidx-startup"
61-->[androidx.emoji2:emoji2:1.4.0] AndroidManifest.xml:26:13-68
62            android:exported="false" >
62-->[androidx.emoji2:emoji2:1.4.0] AndroidManifest.xml:27:13-37
63            <meta-data
63-->[androidx.emoji2:emoji2:1.4.0] AndroidManifest.xml:29:13-31:52
64                android:name="androidx.emoji2.text.EmojiCompatInitializer"
64-->[androidx.emoji2:emoji2:1.4.0] AndroidManifest.xml:30:17-75
65                android:value="androidx.startup" />
65-->[androidx.emoji2:emoji2:1.4.0] AndroidManifest.xml:31:17-49
66            <meta-data
66-->[androidx.lifecycle:lifecycle-process:2.8.7] AndroidManifest.xml:29:13-31:52
67                android:name="androidx.lifecycle.ProcessLifecycleInitializer"
67-->[androidx.lifecycle:lifecycle-process:2.8.7] AndroidManifest.xml:30:17-78
68                android:value="androidx.startup" />
68-->[androidx.lifecycle:lifecycle-process:2.8.7] AndroidManifest.xml:31:17-49
69            <meta-data
69-->[androidx.profileinstaller:profileinstaller:1.4.0] AndroidManifest.xml:29:13-31:52
70                android:name="androidx.profileinstaller.ProfileInstallerInitializer"
70-->[androidx.profileinstaller:profileinstaller:1.4.0] AndroidManifest.xml:30:17-85
71                android:value="androidx.startup" />
71-->[androidx.profileinstaller:profileinstaller:1.4.0] AndroidManifest.xml:31:17-49
72        </provider>
73
74        <receiver
74-->[androidx.profileinstaller:profileinstaller:1.4.0] AndroidManifest.xml:34:9-52:20
75            android:name="androidx.profileinstaller.ProfileInstallReceiver"
75-->[androidx.profileinstaller:profileinstaller:1.4.0] AndroidManifest.xml:35:13-76
76            android:directBootAware="false"
76-->[androidx.profileinstaller:profileinstaller:1.4.0] AndroidManifest.xml:36:13-44
77            android:enabled="true"
77-->[androidx.profileinstaller:profileinstaller:1.4.0] AndroidManifest.xml:37:13-35
78            android:exported="true"
78-->[androidx.profileinstaller:profileinstaller:1.4.0] AndroidManifest.xml:38:13-36
79            android:permission="android.permission.DUMP" >
79-->[androidx.profileinstaller:profileinstaller:1.4.0] AndroidManifest.xml:39:13-57
80            <intent-filter>
80-->[androidx.profileinstaller:profileinstaller:1.4.0] AndroidManifest.xml:40:13-42:29
81                <action android:name="androidx.profileinstaller.action.INSTALL_PROFILE" />
81-->[androidx.profileinstaller:profileinstaller:1.4.0] AndroidManifest.xml:41:17-91
81-->[androidx.profileinstaller:profileinstaller:1.4.0] AndroidManifest.xml:41:25-88
82            </intent-filter>
83            <intent-filter>
83-->[androidx.profileinstaller:profileinstaller:1.4.0] AndroidManifest.xml:43:13-45:29
84                <action android:name="androidx.profileinstaller.action.SKIP_FILE" />
84-->[androidx.profileinstaller:profileinstaller:1.4.0] AndroidManifest.xml:44:17-85
84-->[androidx.profileinstaller:profileinstaller:1.4.0] AndroidManifest.xml:44:25-82
85            </intent-filter>
86            <intent-filter>
86-->[androidx.profileinstaller:profileinstaller:1.4.0] AndroidManifest.xml:46:13-48:29
87                <action android:name="androidx.profileinstaller.action.SAVE_PROFILE" />
87-->[androidx.profileinstaller:profileinstaller:1.4.0] AndroidManifest.xml:47:17-88
87-->[androidx.profileinstaller:profileinstaller:1.4.0] AndroidManifest.xml:47:25-85
88            </intent-filter>
89            <intent-filter>
89-->[androidx.profileinstaller:profileinstaller:1.4.0] AndroidManifest.xml:49:13-51:29
90                <action android:name="androidx.profileinstaller.action.BENCHMARK_OPERATION" />
90-->[androidx.profileinstaller:profileinstaller:1.4.0] AndroidManifest.xml:50:17-95
90-->[androidx.profileinstaller:profileinstaller:1.4.0] AndroidManifest.xml:50:25-92
91            </intent-filter>
92        </receiver>
93    </application>
94
95</manifest>